<?xml version="1.0" encoding="UTF-8"?>
<!-- Generated by org.testng.reporters.JUnitReportReporter -->
<testsuite skipped="0" hostname="DESKTOP-K2P9PHP" name="tests.Event_Creation" tests="1" failures="0" timestamp="2019-12-18T17:22:23 PKT" time="99.854" errors="0">
  <testcase name="Positive_Event_Create" time="99.854" classname="tests.Event_Creation"/>
</testsuite> <!-- tests.Event_Creation -->
