<?xml version="1.0" encoding="UTF-8"?>
<!-- Generated by org.testng.reporters.JUnitReportReporter -->
<testsuite skipped="0" hostname="DESKTOP-K2P9PHP" name="tests.DashboardTest" tests="3" failures="0" timestamp="2020-01-06T13:46:54 PKT" time="47.468" errors="0">
  <testcase name="DisplayDashboardAllElements" time="11.983" classname="tests.DashboardTest"/>
  <testcase name="UpcomingBackFrontCountMatch" time="10.303" classname="tests.DashboardTest"/>
  <testcase name="SavedBackFrontCountMatch" time="25.182" classname="tests.DashboardTest"/>
</testsuite> <!-- tests.DashboardTest -->
