<?xml version="1.0" encoding="UTF-8"?>
<!-- Generated by org.testng.reporters.JUnitReportReporter -->
<testsuite skipped="0" hostname="DESKTOP-K2P9PHP" name="tests.Edit_Profile" tests="1" failures="0" timestamp="2019-12-12T16:28:45 PKT" time="37.156" errors="0">
  <testcase name="Edit_Name" time="37.156" classname="tests.Edit_Profile"/>
</testsuite> <!-- tests.Edit_Profile -->
