<?xml version="1.0" encoding="UTF-8"?>
<!-- Generated by org.testng.reporters.JUnitReportReporter -->
<testsuite skipped="0" hostname="DESKTOP-K2P9PHP" name="tests.DB_Test" tests="1" failures="0" timestamp="2020-01-08T15:57:07 PKT" time="0.219" errors="0">
  <testcase name="DBConnection" time="0.219" classname="tests.DB_Test"/>
</testsuite> <!-- tests.DB_Test -->
