<?xml version="1.0" encoding="UTF-8"?>
<!-- Generated by org.testng.reporters.JUnitReportReporter -->
<testsuite skipped="0" hostname="DESKTOP-K2P9PHP" name="tests.Login" tests="1" failures="0" timestamp="2019-12-11T14:32:47 PKT" time="33.676" errors="0">
  <testcase name="LoginPositiveValue" time="33.676" classname="tests.Login"/>
</testsuite> <!-- tests.Login -->
