<?xml version="1.0" encoding="UTF-8"?>
<!-- Generated by org.testng.reporters.JUnitReportReporter -->
<testsuite skipped="0" hostname="DESKTOP-K2P9PHP" name="tests.LoginTest" tests="10" failures="0" timestamp="2020-01-10T12:25:35 PKT" time="53.285" errors="0">
  <testcase name="DisplayElements" time="4.492" classname="tests.LoginTest"/>
  <testcase name="LoginNegativeValues" time="5.132" classname="tests.LoginTest"/>
  <testcase name="LoginNegativeValues" time="4.513" classname="tests.LoginTest"/>
  <testcase name="LoginNegativeValues" time="7.970" classname="tests.LoginTest"/>
  <testcase name="LoginNegativeValues" time="3.841" classname="tests.LoginTest"/>
  <testcase name="LoginNegativeValues" time="6.259" classname="tests.LoginTest"/>
  <testcase name="LoginNegativeValues" time="5.422" classname="tests.LoginTest"/>
  <testcase name="LoginNegativeValuesPassword" time="4.981" classname="tests.LoginTest"/>
  <testcase name="LoginNegativeValuesPassword" time="5.793" classname="tests.LoginTest"/>
  <testcase name="LoginPositiveValue" time="4.882" classname="tests.LoginTest"/>
</testsuite> <!-- tests.LoginTest -->
