<?xml version="1.0" encoding="UTF-8"?>
<!-- Generated by org.testng.reporters.JUnitXMLReporter -->
<testsuite hostname="DESKTOP-K2P9PHP" ignored="2" name="Test-class test(failed)(failed)" tests="2" failures="0" timestamp="2019-11-15T15:43:48 PKT" time="79.251" errors="0">
  <testcase name="FullName_Negative_Values_Check" time="16.97" classname="tests.SignUp"/>
  <testcase name="Password_Negative_Values_Check" time="26.059" classname="tests.SignUp"/>
  <testcase name="Invalid_Email_Values_Check" time="0.0" classname="tests.SignUp">
    <ignored/>
  </testcase> <!-- Invalid_Email_Values_Check -->
  <testcase name="PasswordEyeEnabelDisable" time="0.0" classname="tests.SignUp">
    <ignored/>
  </testcase> <!-- PasswordEyeEnabelDisable -->
</testsuite> <!-- Test-class test(failed)(failed) -->
